C:\USERS\ADMIN\DOCUMENTS\VISUAL STUDIO 2010\PROJECTS\TPROBOT\RELEASE\TPROBOT.EXE
C:\Users\admin\Documents\Visual Studio 2010\Projects\TPRobot\Release\TPRobot.exp
C:\Users\admin\Documents\Visual Studio 2010\Projects\TPRobot\Release\TPRobot.lib
C:\USERS\ADMIN\DOCUMENTS\VISUAL STUDIO 2010\PROJECTS\TPROBOT\RELEASE\TPROBOT.PDB
C:\Users\admin\Documents\Visual Studio 2010\Projects\TPRobot\TPRobot\Release\cl.command.1.tlog
C:\Users\admin\Documents\Visual Studio 2010\Projects\TPRobot\TPRobot\Release\CL.read.1.tlog
C:\Users\admin\Documents\Visual Studio 2010\Projects\TPRobot\TPRobot\Release\CL.write.1.tlog
C:\Users\admin\Documents\Visual Studio 2010\Projects\TPRobot\TPRobot\Release\link.command.1.tlog
C:\Users\admin\Documents\Visual Studio 2010\Projects\TPRobot\TPRobot\Release\link.read.1.tlog
C:\Users\admin\Documents\Visual Studio 2010\Projects\TPRobot\TPRobot\Release\link.write.1.tlog
C:\USERS\ADMIN\DOCUMENTS\VISUAL STUDIO 2010\PROJECTS\TPROBOT\TPROBOT\RELEASE\MAIN.OBJ
C:\Users\admin\Documents\Visual Studio 2010\Projects\TPRobot\TPRobot\Release\mt.command.1.tlog
C:\Users\admin\Documents\Visual Studio 2010\Projects\TPRobot\TPRobot\Release\mt.read.1.tlog
C:\Users\admin\Documents\Visual Studio 2010\Projects\TPRobot\TPRobot\Release\mt.write.1.tlog
C:\USERS\ADMIN\DOCUMENTS\VISUAL STUDIO 2010\PROJECTS\TPROBOT\TPROBOT\RELEASE\POSITION.OBJ
C:\USERS\ADMIN\DOCUMENTS\VISUAL STUDIO 2010\PROJECTS\TPROBOT\TPROBOT\RELEASE\ROBOTPEKEE.OBJ
C:\USERS\ADMIN\DOCUMENTS\VISUAL STUDIO 2010\PROJECTS\TPROBOT\TPROBOT\RELEASE\ROBOTPEKEED.OBJ
C:\USERS\ADMIN\DOCUMENTS\VISUAL STUDIO 2010\PROJECTS\TPROBOT\TPROBOT\RELEASE\ROBOTPEKEELEDON.OBJ
C:\USERS\ADMIN\DOCUMENTS\VISUAL STUDIO 2010\PROJECTS\TPROBOT\TPROBOT\RELEASE\ROBOTPEKEESUIVI.OBJ
C:\USERS\ADMIN\DOCUMENTS\VISUAL STUDIO 2010\PROJECTS\TPROBOT\TPROBOT\RELEASE\TPROBOT.EXE.INTERMEDIATE.MANIFEST
C:\Users\admin\Documents\Visual Studio 2010\Projects\TPRobot\TPRobot\Release\TPRobot.write.1.tlog
C:\USERS\ADMIN\DOCUMENTS\VISUAL STUDIO 2010\PROJECTS\TPROBOT\TPROBOT\RELEASE\VC100.PDB
